20:54:41 **** Build of configuration Debug for project Ferry ****
make all 
Building file: ../src/Ferry.cpp
Invoking: GCC C++ Compiler
g++ -O0 -g3 -Wall -c -fmessage-length=0 -MMD -MP -MF"src/Ferry.d" -MT"src/Ferry.d" -o "src/Ferry.o" "../src/Ferry.cpp"
Finished building: ../src/Ferry.cpp
 
Building target: Ferry
Invoking: GCC C++ Linker
g++  -o "Ferry"  ./src/Ferry.o   
Finished building target: Ferry
 
20:55:02 **** Incremental Build of configuration Debug for project Ferry ****
make all 
make: Nothing to be done for `all'.
20:55:29 **** Incremental Build of configuration Debug for project Ferry ****
make all 
make: Nothing to be done for `all'.
21:11:42 **** Build of configuration Debug for project Ferry ****
make all 
Cannot run program "make": Launching failed

Error: Program "make" not found in PATH
PATH=[C:/Program Files/Java/jre1.8.0_20/bin/server;C:/Program Files/Java/jre1.8.0_20/bin;C:/Program Files/Java/jre1.8.0_20/lib/amd64;C:\ProgramData\Oracle\Java\javapath;C:\Program Files (x86)\Intel\iCLS Client\;C:\Program Files\Intel\iCLS Client\;C:\Windows\system32;C:\Windows;C:\Windows\System32\Wbem;C:\Windows\System32\WindowsPowerShell\v1.0\;C:\Program Files\Hewlett-Packard\SimplePass\;C:\Program Files\Intel\Intel(R) Management Engine Components\DAL;C:\Program Files (x86)\Intel\Intel(R) Management Engine Components\DAL;C:\Program Files\Intel\Intel(R) Management Engine Components\IPT;C:\Program Files (x86)\Intel\Intel(R) Management Engine Components\IPT;A:\OCR\Tesseract-OCR;C:\Program Files (x86)\Windows Kits\8.1\Windows Performance Toolkit\;C:\Program Files\Microsoft SQL Server\110\Tools\Binn\;A:\Python;A:\Python\Scripts;A:\Eclipse_Mars\eclipse;]
21:12:00 **** Incremental Build of configuration Debug for project Ferry ****
make all 
Cannot run program "make": Launching failed

Error: Program "make" not found in PATH
PATH=[C:/Program Files/Java/jre1.8.0_20/bin/server;C:/Program Files/Java/jre1.8.0_20/bin;C:/Program Files/Java/jre1.8.0_20/lib/amd64;C:\ProgramData\Oracle\Java\javapath;C:\Program Files (x86)\Intel\iCLS Client\;C:\Program Files\Intel\iCLS Client\;C:\Windows\system32;C:\Windows;C:\Windows\System32\Wbem;C:\Windows\System32\WindowsPowerShell\v1.0\;C:\Program Files\Hewlett-Packard\SimplePass\;C:\Program Files\Intel\Intel(R) Management Engine Components\DAL;C:\Program Files (x86)\Intel\Intel(R) Management Engine Components\DAL;C:\Program Files\Intel\Intel(R) Management Engine Components\IPT;C:\Program Files (x86)\Intel\Intel(R) Management Engine Components\IPT;A:\OCR\Tesseract-OCR;C:\Program Files (x86)\Windows Kits\8.1\Windows Performance Toolkit\;C:\Program Files\Microsoft SQL Server\110\Tools\Binn\;A:\Python;A:\Python\Scripts;A:\Eclipse_Mars\eclipse;]
21:12:01 **** Incremental Build of configuration Debug for project Ferry ****
make all 
Cannot run program "make": Launching failed

Error: Program "make" not found in PATH
PATH=[C:/Program Files/Java/jre1.8.0_20/bin/server;C:/Program Files/Java/jre1.8.0_20/bin;C:/Program Files/Java/jre1.8.0_20/lib/amd64;C:\ProgramData\Oracle\Java\javapath;C:\Program Files (x86)\Intel\iCLS Client\;C:\Program Files\Intel\iCLS Client\;C:\Windows\system32;C:\Windows;C:\Windows\System32\Wbem;C:\Windows\System32\WindowsPowerShell\v1.0\;C:\Program Files\Hewlett-Packard\SimplePass\;C:\Program Files\Intel\Intel(R) Management Engine Components\DAL;C:\Program Files (x86)\Intel\Intel(R) Management Engine Components\DAL;C:\Program Files\Intel\Intel(R) Management Engine Components\IPT;C:\Program Files (x86)\Intel\Intel(R) Management Engine Components\IPT;A:\OCR\Tesseract-OCR;C:\Program Files (x86)\Windows Kits\8.1\Windows Performance Toolkit\;C:\Program Files\Microsoft SQL Server\110\Tools\Binn\;A:\Python;A:\Python\Scripts;A:\Eclipse_Mars\eclipse;]
